


ARM Macro Assembler    Page 1 


    1 00000000                 PRESERVE8
    2 00000000                 THUMB
    3 00000000         
    4 00000000         
    5 00000000                 export           TabCos
    6 00000000                 export           TabSin
    7 00000000                 export           DFT_ModuleAuCarre
    8 00000000         
    9 00000000         
   10 00000000         ; ====================== zone de réservation de données,
                         ======================================
   11 00000000         ;Section RAM (read only) :
   12 00000000                 area             mesdata,data,readonly
   13 00000000         
   14 00000000         
   15 00000000         ;Section RAM (read write):
   16 00000000                 area             maram,data,readwrite
   17 00000000         
   18 00000000         
   19 00000000         
   20 00000000         ; ======================================================
                       =========================================
   21 00000000         
   22 00000000         
   23 00000000         
   24 00000000         
   25 00000000         ;Section ROM code (read only) :  
   26 00000000                 area             moncode,code,readonly
   27 00000000         ; écrire le code ici  
   28 00000000         
   29 00000000         
   30 00000000         DFT_ModuleAuCarre
                               proc
   31 00000000         ; r0 = signal
   32 00000000         ; r1 = k
   33 00000000         ; r0, r1 = resultat 64 bits
   34 00000000 B5F0            push             {lr,r4,r5,r6,r7}
   35 00000002         
   36 00000002 460F            mov              r7, r1      ; on met k dans r7
   37 00000004         
   38 00000004 4A11            ldr              r2, =TabCos
   39 00000006 F7FF FFFE       bl               DFT_Cos_sin
   40 0000000A 460B            mov              r3, r1      ;resultat de cos
   41 0000000C         
   42 0000000C 4A10            ldr              r2, =TabSin
   43 0000000E F7FF FFFE       bl               DFT_Cos_sin ;r1 : résultat de s
                                                            in
   44 00000012         
   45 00000012 FB83 4003       smull            r4, r0, r3, r3 ;cos²
   46 00000016 FBC1 4001       smlal            r4, r0, r1, r1 ;sin² + add avec
                                                             le cos²
   47 0000001A         ; on met dans r4 puis r0 car r0 est le msb et r4 le lsb
   48 0000001A         
   49 0000001A E8BD 40F0       pop              {lr,r4,r5,r6,r7}
   50 0000001E 4770            bx               lr
   51 00000020                 endp
   52 00000020         
   53 00000020         DFT_Cos_sin
                               proc



ARM Macro Assembler    Page 2 


   54 00000020         ;calcule la partie réelle ou imaginaire de la dft
   55 00000020         ; r0 = signal
   56 00000020         ; r2 = la table à utiliser
   57 00000020         ; resultat de r1
   58 00000020         
   59 00000020 F04F 0100       mov              r1, #0
   60 00000024 F04F 0400       mov              r4, #0      ;compteur n
   61 00000028 F04F 0800       mov              r8, #0      ; p = n*k
   62 0000002C         
   63 0000002C         
   64 0000002C         
   65 0000002C         Loop
   66 0000002C         ; calcul de p
   67 0000002C FB07 F804       mul              r8, r7, r4
   68 00000030 F008 083F       and              r8, r8, #63
   69 00000034         
   70 00000034         
   71 00000034         ; r5 <= r0[n]
   72 00000034 F930 5014       ldrsh            r5, [r0, r4, lsl #1]
   73 00000038         
   74 00000038         ; r6 <= r2[p]
   75 00000038 F932 6018       ldrsh            r6, [r2, r8, lsl #1]
   76 0000003C         
   77 0000003C         ; r5 <= r0[n] * r2[p] => X(n) * cos(p)
   78 0000003C FB05 F506       mul              r5, r5, r6
   79 00000040         
   80 00000040         ; r1 += r5
   81 00000040 4429            add              r1, r5
   82 00000042         
   83 00000042 F104 0401       add              r4, #1
   84 00000046         
   85 00000046         ; tant que n < 64
   86 00000046 2C40            cmp              r4, #64
   87 00000048 DBF0            blt              Loop
   88 0000004A         
   89 0000004A 4770            bx               lr
   90 0000004C                 endp
   91 0000004C         
   92 0000004C         
   93 0000004C         ;Section ROM code (read only) :  
   94 0000004C 00000000 
              00000000         AREA             Trigo, DATA, READONLY
   95 00000000         ; codage fractionnaire 1.15
   96 00000000         
   97 00000000         TabCos
   98 00000000 FF 7F           DCW              32767       ;  0 0x7fff  0.9999
                                                            7
   99 00000002 62 7F           DCW              32610       ;  1 0x7f62  0.9951
                                                            8
  100 00000004 8A 7D           DCW              32138       ;  2 0x7d8a  0.9807
                                                            7
  101 00000006 7D 7A           DCW              31357       ;  3 0x7a7d  0.9569
                                                            4
  102 00000008 42 76           DCW              30274       ;  4 0x7642  0.9238
                                                            9
  103 0000000A E3 70           DCW              28899       ;  5 0x70e3  0.8819
                                                            3
  104 0000000C 6E 6A           DCW              27246       ;  6 0x6a6e  0.8314
                                                            8



ARM Macro Assembler    Page 3 


  105 0000000E F2 62           DCW              25330       ;  7 0x62f2  0.7730
                                                            1
  106 00000010 82 5A           DCW              23170       ;  8 0x5a82  0.7070
                                                            9
  107 00000012 34 51           DCW              20788       ;  9 0x5134  0.6344
                                                            0
  108 00000014 1D 47           DCW              18205       ; 10 0x471d  0.5555
                                                            7
  109 00000016 57 3C           DCW              15447       ; 11 0x3c57  0.4714
                                                            1
  110 00000018 FC 30           DCW              12540       ; 12 0x30fc  0.3826
                                                            9
  111 0000001A 28 25           DCW              9512        ; 13 0x2528  0.2902
                                                            8
  112 0000001C F9 18           DCW              6393        ; 14 0x18f9  0.1951
                                                            0
  113 0000001E 8C 0C           DCW              3212        ; 15 0x0c8c  0.0980
                                                            2
  114 00000020 00 00           DCW              0           ; 16 0x0000  0.0000
                                                            0
  115 00000022 74 F3           DCW              -3212       ; 17 0xf374 -0.0980
                                                            2
  116 00000024 07 E7           DCW              -6393       ; 18 0xe707 -0.1951
                                                            0
  117 00000026 D8 DA           DCW              -9512       ; 19 0xdad8 -0.2902
                                                            8
  118 00000028 04 CF           DCW              -12540      ; 20 0xcf04 -0.3826
                                                            9
  119 0000002A A9 C3           DCW              -15447      ; 21 0xc3a9 -0.4714
                                                            1
  120 0000002C E3 B8           DCW              -18205      ; 22 0xb8e3 -0.5555
                                                            7
  121 0000002E CC AE           DCW              -20788      ; 23 0xaecc -0.6344
                                                            0
  122 00000030 7E A5           DCW              -23170      ; 24 0xa57e -0.7070
                                                            9
  123 00000032 0E 9D           DCW              -25330      ; 25 0x9d0e -0.7730
                                                            1
  124 00000034 92 95           DCW              -27246      ; 26 0x9592 -0.8314
                                                            8
  125 00000036 1D 8F           DCW              -28899      ; 27 0x8f1d -0.8819
                                                            3
  126 00000038 BE 89           DCW              -30274      ; 28 0x89be -0.9238
                                                            9
  127 0000003A 83 85           DCW              -31357      ; 29 0x8583 -0.9569
                                                            4
  128 0000003C 76 82           DCW              -32138      ; 30 0x8276 -0.9807
                                                            7
  129 0000003E 9E 80           DCW              -32610      ; 31 0x809e -0.9951
                                                            8
  130 00000040 00 80           DCW              -32768      ; 32 0x8000 -1.0000
                                                            0
  131 00000042 9E 80           DCW              -32610      ; 33 0x809e -0.9951
                                                            8
  132 00000044 76 82           DCW              -32138      ; 34 0x8276 -0.9807
                                                            7
  133 00000046 83 85           DCW              -31357      ; 35 0x8583 -0.9569
                                                            4
  134 00000048 BE 89           DCW              -30274      ; 36 0x89be -0.9238



ARM Macro Assembler    Page 4 


                                                            9
  135 0000004A 1D 8F           DCW              -28899      ; 37 0x8f1d -0.8819
                                                            3
  136 0000004C 92 95           DCW              -27246      ; 38 0x9592 -0.8314
                                                            8
  137 0000004E 0E 9D           DCW              -25330      ; 39 0x9d0e -0.7730
                                                            1
  138 00000050 7E A5           DCW              -23170      ; 40 0xa57e -0.7070
                                                            9
  139 00000052 CC AE           DCW              -20788      ; 41 0xaecc -0.6344
                                                            0
  140 00000054 E3 B8           DCW              -18205      ; 42 0xb8e3 -0.5555
                                                            7
  141 00000056 A9 C3           DCW              -15447      ; 43 0xc3a9 -0.4714
                                                            1
  142 00000058 04 CF           DCW              -12540      ; 44 0xcf04 -0.3826
                                                            9
  143 0000005A D8 DA           DCW              -9512       ; 45 0xdad8 -0.2902
                                                            8
  144 0000005C 07 E7           DCW              -6393       ; 46 0xe707 -0.1951
                                                            0
  145 0000005E 74 F3           DCW              -3212       ; 47 0xf374 -0.0980
                                                            2
  146 00000060 00 00           DCW              0           ; 48 0x0000  0.0000
                                                            0
  147 00000062 8C 0C           DCW              3212        ; 49 0x0c8c  0.0980
                                                            2
  148 00000064 F9 18           DCW              6393        ; 50 0x18f9  0.1951
                                                            0
  149 00000066 28 25           DCW              9512        ; 51 0x2528  0.2902
                                                            8
  150 00000068 FC 30           DCW              12540       ; 52 0x30fc  0.3826
                                                            9
  151 0000006A 57 3C           DCW              15447       ; 53 0x3c57  0.4714
                                                            1
  152 0000006C 1D 47           DCW              18205       ; 54 0x471d  0.5555
                                                            7
  153 0000006E 34 51           DCW              20788       ; 55 0x5134  0.6344
                                                            0
  154 00000070 82 5A           DCW              23170       ; 56 0x5a82  0.7070
                                                            9
  155 00000072 F2 62           DCW              25330       ; 57 0x62f2  0.7730
                                                            1
  156 00000074 6E 6A           DCW              27246       ; 58 0x6a6e  0.8314
                                                            8
  157 00000076 E3 70           DCW              28899       ; 59 0x70e3  0.8819
                                                            3
  158 00000078 42 76           DCW              30274       ; 60 0x7642  0.9238
                                                            9
  159 0000007A 7D 7A           DCW              31357       ; 61 0x7a7d  0.9569
                                                            4
  160 0000007C 8A 7D           DCW              32138       ; 62 0x7d8a  0.9807
                                                            7
  161 0000007E 62 7F           DCW              32610       ; 63 0x7f62  0.9951
                                                            8
  162 00000080         TabSin
  163 00000080 00 00           DCW              0           ;  0 0x0000  0.0000
                                                            0
  164 00000082 8C 0C           DCW              3212        ;  1 0x0c8c  0.0980



ARM Macro Assembler    Page 5 


                                                            2
  165 00000084 F9 18           DCW              6393        ;  2 0x18f9  0.1951
                                                            0
  166 00000086 28 25           DCW              9512        ;  3 0x2528  0.2902
                                                            8
  167 00000088 FC 30           DCW              12540       ;  4 0x30fc  0.3826
                                                            9
  168 0000008A 57 3C           DCW              15447       ;  5 0x3c57  0.4714
                                                            1
  169 0000008C 1D 47           DCW              18205       ;  6 0x471d  0.5555
                                                            7
  170 0000008E 34 51           DCW              20788       ;  7 0x5134  0.6344
                                                            0
  171 00000090 82 5A           DCW              23170       ;  8 0x5a82  0.7070
                                                            9
  172 00000092 F2 62           DCW              25330       ;  9 0x62f2  0.7730
                                                            1
  173 00000094 6E 6A           DCW              27246       ; 10 0x6a6e  0.8314
                                                            8
  174 00000096 E3 70           DCW              28899       ; 11 0x70e3  0.8819
                                                            3
  175 00000098 42 76           DCW              30274       ; 12 0x7642  0.9238
                                                            9
  176 0000009A 7D 7A           DCW              31357       ; 13 0x7a7d  0.9569
                                                            4
  177 0000009C 8A 7D           DCW              32138       ; 14 0x7d8a  0.9807
                                                            7
  178 0000009E 62 7F           DCW              32610       ; 15 0x7f62  0.9951
                                                            8
  179 000000A0 FF 7F           DCW              32767       ; 16 0x7fff  0.9999
                                                            7
  180 000000A2 62 7F           DCW              32610       ; 17 0x7f62  0.9951
                                                            8
  181 000000A4 8A 7D           DCW              32138       ; 18 0x7d8a  0.9807
                                                            7
  182 000000A6 7D 7A           DCW              31357       ; 19 0x7a7d  0.9569
                                                            4
  183 000000A8 42 76           DCW              30274       ; 20 0x7642  0.9238
                                                            9
  184 000000AA E3 70           DCW              28899       ; 21 0x70e3  0.8819
                                                            3
  185 000000AC 6E 6A           DCW              27246       ; 22 0x6a6e  0.8314
                                                            8
  186 000000AE F2 62           DCW              25330       ; 23 0x62f2  0.7730
                                                            1
  187 000000B0 82 5A           DCW              23170       ; 24 0x5a82  0.7070
                                                            9
  188 000000B2 34 51           DCW              20788       ; 25 0x5134  0.6344
                                                            0
  189 000000B4 1D 47           DCW              18205       ; 26 0x471d  0.5555
                                                            7
  190 000000B6 57 3C           DCW              15447       ; 27 0x3c57  0.4714
                                                            1
  191 000000B8 FC 30           DCW              12540       ; 28 0x30fc  0.3826
                                                            9
  192 000000BA 28 25           DCW              9512        ; 29 0x2528  0.2902
                                                            8
  193 000000BC F9 18           DCW              6393        ; 30 0x18f9  0.1951
                                                            0



ARM Macro Assembler    Page 6 


  194 000000BE 8C 0C           DCW              3212        ; 31 0x0c8c  0.0980
                                                            2
  195 000000C0 00 00           DCW              0           ; 32 0x0000  0.0000
                                                            0
  196 000000C2 74 F3           DCW              -3212       ; 33 0xf374 -0.0980
                                                            2
  197 000000C4 07 E7           DCW              -6393       ; 34 0xe707 -0.1951
                                                            0
  198 000000C6 D8 DA           DCW              -9512       ; 35 0xdad8 -0.2902
                                                            8
  199 000000C8 04 CF           DCW              -12540      ; 36 0xcf04 -0.3826
                                                            9
  200 000000CA A9 C3           DCW              -15447      ; 37 0xc3a9 -0.4714
                                                            1
  201 000000CC E3 B8           DCW              -18205      ; 38 0xb8e3 -0.5555
                                                            7
  202 000000CE CC AE           DCW              -20788      ; 39 0xaecc -0.6344
                                                            0
  203 000000D0 7E A5           DCW              -23170      ; 40 0xa57e -0.7070
                                                            9
  204 000000D2 0E 9D           DCW              -25330      ; 41 0x9d0e -0.7730
                                                            1
  205 000000D4 92 95           DCW              -27246      ; 42 0x9592 -0.8314
                                                            8
  206 000000D6 1D 8F           DCW              -28899      ; 43 0x8f1d -0.8819
                                                            3
  207 000000D8 BE 89           DCW              -30274      ; 44 0x89be -0.9238
                                                            9
  208 000000DA 83 85           DCW              -31357      ; 45 0x8583 -0.9569
                                                            4
  209 000000DC 76 82           DCW              -32138      ; 46 0x8276 -0.9807
                                                            7
  210 000000DE 9E 80           DCW              -32610      ; 47 0x809e -0.9951
                                                            8
  211 000000E0 00 80           DCW              -32768      ; 48 0x8000 -1.0000
                                                            0
  212 000000E2 9E 80           DCW              -32610      ; 49 0x809e -0.9951
                                                            8
  213 000000E4 76 82           DCW              -32138      ; 50 0x8276 -0.9807
                                                            7
  214 000000E6 83 85           DCW              -31357      ; 51 0x8583 -0.9569
                                                            4
  215 000000E8 BE 89           DCW              -30274      ; 52 0x89be -0.9238
                                                            9
  216 000000EA 1D 8F           DCW              -28899      ; 53 0x8f1d -0.8819
                                                            3
  217 000000EC 92 95           DCW              -27246      ; 54 0x9592 -0.8314
                                                            8
  218 000000EE 0E 9D           DCW              -25330      ; 55 0x9d0e -0.7730
                                                            1
  219 000000F0 7E A5           DCW              -23170      ; 56 0xa57e -0.7070
                                                            9
  220 000000F2 CC AE           DCW              -20788      ; 57 0xaecc -0.6344
                                                            0
  221 000000F4 E3 B8           DCW              -18205      ; 58 0xb8e3 -0.5555
                                                            7
  222 000000F6 A9 C3           DCW              -15447      ; 59 0xc3a9 -0.4714
                                                            1
  223 000000F8 04 CF           DCW              -12540      ; 60 0xcf04 -0.3826



ARM Macro Assembler    Page 7 


                                                            9
  224 000000FA D8 DA           DCW              -9512       ; 61 0xdad8 -0.2902
                                                            8
  225 000000FC 07 E7           DCW              -6393       ; 62 0xe707 -0.1951
                                                            0
  226 000000FE 74 F3           DCW              -3212       ; 63 0xf374 -0.0980
                                                            2
  227 00000100         
  228 00000100         
  229 00000100         
  230 00000100         
  231 00000100                 END
Command Line: --debug --xref --diag_suppress=9931 --cpu=Cortex-M3 --apcs=interw
ork --depend=.\obj\dft.d -o.\obj\dft.o -I.\RTE\_CibleSondeKEIL -IC:\Programdata
\Keil\Arm\Packs\ARM\CMSIS\5.7.0\CMSIS\Core\Include -IC:\Programdata\Keil\Arm\Pa
cks\Keil\STM32F1xx_DFP\2.3.0\Device\Include --predefine="__EVAL SETA 1" --prede
fine="__MICROLIB SETA 1" --predefine="__UVISION_VERSION SETA 534" --predefine="
_RTE_ SETA 1" --predefine="STM32F10X_MD SETA 1" --predefine="_RTE_ SETA 1" --li
st=dft.lst Src\DFT.s



ARM Macro Assembler    Page 1 Alphabetic symbol ordering
Relocatable symbols

mesdata 00000000

Symbol: mesdata
   Definitions
      At line 12 in file Src\DFT.s
   Uses
      None
Comment: mesdata unused
1 symbol



ARM Macro Assembler    Page 1 Alphabetic symbol ordering
Relocatable symbols

maram 00000000

Symbol: maram
   Definitions
      At line 16 in file Src\DFT.s
   Uses
      None
Comment: maram unused
1 symbol



ARM Macro Assembler    Page 1 Alphabetic symbol ordering
Relocatable symbols

DFT_Cos_sin 00000020

Symbol: DFT_Cos_sin
   Definitions
      At line 53 in file Src\DFT.s
   Uses
      At line 39 in file Src\DFT.s
      At line 43 in file Src\DFT.s

DFT_ModuleAuCarre 00000000

Symbol: DFT_ModuleAuCarre
   Definitions
      At line 30 in file Src\DFT.s
   Uses
      At line 7 in file Src\DFT.s
Comment: DFT_ModuleAuCarre used once
Loop 0000002C

Symbol: Loop
   Definitions
      At line 65 in file Src\DFT.s
   Uses
      At line 87 in file Src\DFT.s
Comment: Loop used once
moncode 00000000

Symbol: moncode
   Definitions
      At line 26 in file Src\DFT.s
   Uses
      None
Comment: moncode unused
4 symbols



ARM Macro Assembler    Page 1 Alphabetic symbol ordering
Relocatable symbols

TabCos 00000000

Symbol: TabCos
   Definitions
      At line 97 in file Src\DFT.s
   Uses
      At line 5 in file Src\DFT.s
      At line 38 in file Src\DFT.s

TabSin 00000080

Symbol: TabSin
   Definitions
      At line 162 in file Src\DFT.s
   Uses
      At line 6 in file Src\DFT.s
      At line 42 in file Src\DFT.s

Trigo 00000000

Symbol: Trigo
   Definitions
      At line 94 in file Src\DFT.s
   Uses
      None
Comment: Trigo unused
3 symbols
346 symbols in table
