


ARM Macro Assembler    Page 1 


    1 00000000                 PRESERVE8
    2 00000000                 THUMB
    3 00000000         
    4 00000000                 import           LongueurSon
    5 00000000                 import           Son
    6 00000000                 export           CallbackSon
    7 00000000                 export           decalageSon
    8 00000000                 export           SortieSon
    9 00000000         
   10 00000000                 include          Driver/DriverJeuLaser.inc
    1 00000000         
    2 00000000         ; Bibliotheque DriverJeuLaser (ancienne gassp72 adaptée 
                       2021 - TR)
    3 00000000         ; Accès en aux fonctions suivantes :
    4 00000000         ; GPIO :
    5 00000000         ; GPIOA_Set(char Broche), GPIOB_Set(char Broche), GPIOC_
                       Set(char Broche)
    6 00000000         ; GPIOA_Clear(char Broche), GPIOB_Clear(char Broche), GP
                       IOC_Clear(char Broche)
    7 00000000         
    8 00000000         ; PWM :
    9 00000000         ;/**
   10 00000000         ; * @brief  Fixe une valeur de PWM, Val, en tick horloge
                       . La rapport cyclique effectif
   11 00000000         ; * est donc : rcy = Thaut_ticks / Periode_ticks
   12 00000000         ; * @note   spécifique Jeu Laser, PWM liée exclusivement
                        au TIM3, chan3
   13 00000000         ; * @param  Thaut_ticks : durée de l'état haut d'une imp
                       ulsion en Ticks
   14 00000000         ;  * @retval None
   15 00000000         ; */
   16 00000000         
   17 00000000         ;void PWM_Set_Value_TIM3_Ch3( unsigned short int Thaut_t
                       icks);
   18 00000000                 import           PWM_Set_Value_TIM3_Ch3
   19 00000000         
   20 00000000         
   21 00000000         
   22 00000000         ;/**
   23 00000000         ; * @brief  Mise à 1 d'une broche GPIO 
   24 00000000         ;  * @note   Une fonction par GPIO
   25 00000000         ; * @param  Broche : 0 à 15
   26 00000000         ; * @retval None
   27 00000000         ; */
   28 00000000         
   29 00000000         ;void GPIOA_Set(char Broche);
   30 00000000                 import           GPIOA_Set
   31 00000000         
   32 00000000         ;void GPIOB_Set(char Broche);
   33 00000000                 import           GPIOB_Set
   34 00000000         
   35 00000000         ;void GPIOC_Set(char Broche);
   36 00000000                 import           GPIOC_Set
   37 00000000         
   38 00000000         
   39 00000000         
   40 00000000         ;/**
   41 00000000         ; * @brief  Mise à 0 d'une broche GPIO 
   42 00000000         ;  * @note   Une fonction par GPIO



ARM Macro Assembler    Page 2 


   43 00000000         ; * @param  Broche : 0 à 15
   44 00000000         ; * @retval None
   45 00000000         ;  */
   46 00000000         
   47 00000000         ;void GPIOA_Clear(char Broche);
   48 00000000                 import           GPIOA_Clear
   49 00000000         
   50 00000000         ;void GPIOB_Clear(char Broche);
   51 00000000                 import           GPIOB_Clear
   52 00000000         
   53 00000000         ;void GPIOC_Clear(char Broche);
   54 00000000                 import           GPIOC_Clear
   55 00000000         
   56 00000000                 end
   11 00000000         ; ====================== zone de réservation de données,
                         ======================================
   12 00000000         ;Section RAM (read only) :
   13 00000000                 area             mesdata,data,readonly
   14 00000000         
   15 00000000         
   16 00000000         ;Section RAM (read write):
   17 00000000                 area             maram,data,readwrite
   18 00000000         
   19 00000000 00000000 
                       SortieSon
                               dcd              0
   20 00000004 00000000 
                       decalageSon
                               dcd              0
   21 00000008         
   22 00000008         ; ======================================================
                       =========================================
   23 00000008         
   24 00000008         
   25 00000008         
   26 00000008         
   27 00000008         ;Section ROM code (read only) :  
   28 00000008                 area             moncode,code,readonly
   29 00000000         ; écrire le code ici 
   30 00000000         
   31 00000000         
   32 00000000         StartSon
                               proc
   33 00000000 480F            ldr              r0, =decalageSon
   34 00000002 F04F 0100       mov              r1, #0
   35 00000006 6001            str              r1, [r0]
   36 00000008         
   37 00000008                 endp
   38 00000008         
   39 00000008         
   40 00000008         
   41 00000008         CallbackSon
                               proc
   42 00000008 B578            push             {r3, r4, r5, r6, lr}
   43 0000000A         
   44 0000000A 490E            ldr              r1, =Son
   45 0000000C 4A0C            ldr              r2, =decalageSon
   46 0000000E 6813            ldr              r3, [r2]
   47 00000010 4C0D            ldr              r4, =LongueurSon



ARM Macro Assembler    Page 3 


   48 00000012 6825            ldr              r5, [r4]
   49 00000014 4E0D            ldr              R6, =SortieSon
   50 00000016         
   51 00000016         
   52 00000016         ; si on est à la fin...
   53 00000016 42AB            cmp              r3, r5
   54 00000018 DA0F            bge              endcallback
   55 0000001A         
   56 0000001A         
   57 0000001A F931 0013       ldrsh            r0, [r1, r3, lsl #1]
   58 0000001E F44F 7134       mov              r1, #720
   59 00000022 F500 4000       add              r0, #32768
   60 00000026 FB00 F001       mul              r0, r0, r1
   61 0000002A EA4F 4020       asr              r0, #16
   62 0000002E 6030            str              r0, [r6]
   63 00000030         
   64 00000030 F103 0301       add              r3, #1
   65 00000034 6013            str              r3, [r2]
   66 00000036         
   67 00000036 F7FF FFFE       bl               PWM_Set_Value_TIM3_Ch3
   68 0000003A         
   69 0000003A         
   70 0000003A         endcallback
   71 0000003A E8BD 4078       pop              {r3, r4, r5, r6, lr}
   72 0000003E 4770            bx               lr
   73 00000040                 endp
   74 00000040         
   75 00000040                 END
              00000000 
              00000000 
              00000000 
              00000000 
Command Line: --debug --xref --diag_suppress=9931 --cpu=Cortex-M3 --apcs=interw
ork --depend=.\obj\gestionson.d -o.\obj\gestionson.o -I.\RTE\_CibleSondeKEIL -I
C:\Programdata\Keil\Arm\Packs\ARM\CMSIS\5.7.0\CMSIS\Core\Include -IC:\Programda
ta\Keil\Arm\Packs\Keil\STM32F1xx_DFP\2.3.0\Device\Include --predefine="__EVAL S
ETA 1" --predefine="__MICROLIB SETA 1" --predefine="__UVISION_VERSION SETA 534"
 --predefine="_RTE_ SETA 1" --predefine="STM32F10X_MD SETA 1" --predefine="_RTE
_ SETA 1" --list=gestionson.lst Src\GestionSon.s



ARM Macro Assembler    Page 1 Alphabetic symbol ordering
Relocatable symbols

mesdata 00000000

Symbol: mesdata
   Definitions
      At line 13 in file Src\GestionSon.s
   Uses
      None
Comment: mesdata unused
1 symbol



ARM Macro Assembler    Page 1 Alphabetic symbol ordering
Relocatable symbols

SortieSon 00000000

Symbol: SortieSon
   Definitions
      At line 19 in file Src\GestionSon.s
   Uses
      At line 8 in file Src\GestionSon.s
      At line 49 in file Src\GestionSon.s

decalageSon 00000004

Symbol: decalageSon
   Definitions
      At line 20 in file Src\GestionSon.s
   Uses
      At line 7 in file Src\GestionSon.s
      At line 33 in file Src\GestionSon.s
      At line 45 in file Src\GestionSon.s

maram 00000000

Symbol: maram
   Definitions
      At line 17 in file Src\GestionSon.s
   Uses
      None
Comment: maram unused
3 symbols



ARM Macro Assembler    Page 1 Alphabetic symbol ordering
Relocatable symbols

CallbackSon 00000008

Symbol: CallbackSon
   Definitions
      At line 41 in file Src\GestionSon.s
   Uses
      At line 6 in file Src\GestionSon.s
Comment: CallbackSon used once
StartSon 00000000

Symbol: StartSon
   Definitions
      At line 32 in file Src\GestionSon.s
   Uses
      None
Comment: StartSon unused
endcallback 0000003A

Symbol: endcallback
   Definitions
      At line 70 in file Src\GestionSon.s
   Uses
      At line 54 in file Src\GestionSon.s
Comment: endcallback used once
moncode 00000000

Symbol: moncode
   Definitions
      At line 28 in file Src\GestionSon.s
   Uses
      None
Comment: moncode unused
4 symbols



ARM Macro Assembler    Page 1 Alphabetic symbol ordering
External symbols

GPIOA_Clear 00000000

Symbol: GPIOA_Clear
   Definitions
      At line 48 in file Driver\DriverJeuLaser.inc
   Uses
      None
Comment: GPIOA_Clear unused
GPIOA_Set 00000000

Symbol: GPIOA_Set
   Definitions
      At line 30 in file Driver\DriverJeuLaser.inc
   Uses
      None
Comment: GPIOA_Set unused
GPIOB_Clear 00000000

Symbol: GPIOB_Clear
   Definitions
      At line 51 in file Driver\DriverJeuLaser.inc
   Uses
      None
Comment: GPIOB_Clear unused
GPIOB_Set 00000000

Symbol: GPIOB_Set
   Definitions
      At line 33 in file Driver\DriverJeuLaser.inc
   Uses
      None
Comment: GPIOB_Set unused
GPIOC_Clear 00000000

Symbol: GPIOC_Clear
   Definitions
      At line 54 in file Driver\DriverJeuLaser.inc
   Uses
      None
Comment: GPIOC_Clear unused
GPIOC_Set 00000000

Symbol: GPIOC_Set
   Definitions
      At line 36 in file Driver\DriverJeuLaser.inc
   Uses
      None
Comment: GPIOC_Set unused
LongueurSon 00000000

Symbol: LongueurSon
   Definitions
      At line 4 in file Src\GestionSon.s
   Uses
      At line 47 in file Src\GestionSon.s
Comment: LongueurSon used once
PWM_Set_Value_TIM3_Ch3 00000000

Symbol: PWM_Set_Value_TIM3_Ch3



ARM Macro Assembler    Page 2 Alphabetic symbol ordering
External symbols

   Definitions
      At line 18 in file Driver\DriverJeuLaser.inc
   Uses
      At line 67 in file Src\GestionSon.s
Comment: PWM_Set_Value_TIM3_Ch3 used once
Son 00000000

Symbol: Son
   Definitions
      At line 5 in file Src\GestionSon.s
   Uses
      At line 44 in file Src\GestionSon.s
Comment: Son used once
9 symbols
354 symbols in table
